2014/06/03 08:45:58 [error] [system.db.CDbCommand] CDbCommand::fetchAll() failed: SQLSTATE[42S02]: Base table or view not found: 1146 Table 'yayibao.tbl_post' doesn't exist. The SQL statement executed was: SHOW FULL COLUMNS FROM `tbl_post`.
2014/06/03 08:45:58 [error] [exception.CDbException] exception 'CDbException' with message 'The table "{{post}}" for active record class "Post" cannot be found in the database.' in D:\xampp\htdocs\yii\framework\db\ar\CActiveRecord.php:2362
Stack trace:
#0 D:\xampp\htdocs\yii\framework\db\ar\CActiveRecord.php(411): CActiveRecordMetaData->__construct(Object(Post))
#1 D:\xampp\htdocs\yii\framework\db\ar\CActiveRecord.php(658): CActiveRecord->getMetaData()
#2 D:\xampp\htdocs\yii\framework\db\ar\CActiveFinder.php(389): CActiveRecord->getTableSchema()
#3 D:\xampp\htdocs\yii\framework\db\ar\CActiveFinder.php(47): CJoinElement->__construct(Object(CActiveFinder), Object(Post))
#4 D:\xampp\htdocs\yii\framework\db\ar\CActiveRecord.php(909): CActiveFinder->__construct(Object(Post), 'commentCount')
#5 D:\xampp\htdocs\yii\framework\db\ar\CActiveRecord.php(1604): CActiveRecord->getActiveFinder('commentCount')
#6 D:\xampp\htdocs\yii\framework\web\CActiveDataProvider.php(228): CActiveRecord->count(Object(CDbCriteria))
#7 D:\xampp\htdocs\yii\framework\web\CDataProvider.php(224): CActiveDataProvider->calculateTotalItemCount()
#8 D:\xampp\htdocs\yii\framework\web\CActiveDataProvider.php(178): CDataProvider->getTotalItemCount()
#9 D:\xampp\htdocs\yii\framework\web\CDataProvider.php(168): CActiveDataProvider->fetchData()
#10 D:\xampp\htdocs\yii\framework\zii\widgets\CBaseListView.php(111): CDataProvider->getData()
#11 D:\xampp\htdocs\yii\framework\zii\widgets\CListView.php(211): CBaseListView->init()
#12 D:\xampp\htdocs\yii\framework\web\CBaseController.php(147): CListView->init()
#13 D:\xampp\htdocs\yii\framework\web\CBaseController.php(172): CBaseController->createWidget('zii.widgets.CLi...', Array)
#14 D:\xampp\htdocs\yii\demos\blog\protected\views\post\index.php(9): CBaseController->widget('zii.widgets.CLi...', Array)
#15 D:\xampp\htdocs\yii\framework\web\CBaseController.php(126): require('D:\xampp\htdocs...')
#16 D:\xampp\htdocs\yii\framework\web\CBaseController.php(95): CBaseController->renderInternal('D:\xampp\htdocs...', Array, true)
#17 D:\xampp\htdocs\yii\framework\web\CController.php(869): CBaseController->renderFile('D:\xampp\htdocs...', Array, true)
#18 D:\xampp\htdocs\yii\framework\web\CController.php(782): CController->renderPartial('index', Array, true)
#19 D:\xampp\htdocs\yii\demos\blog\protected\controllers\PostController.php(136): CController->render('index', Array)
#20 D:\xampp\htdocs\yii\framework\web\actions\CInlineAction.php(49): PostController->actionIndex()
#21 D:\xampp\htdocs\yii\framework\web\CController.php(308): CInlineAction->runWithParams(Array)
#22 D:\xampp\htdocs\yii\framework\web\filters\CFilterChain.php(133): CController->runAction(Object(CInlineAction))
#23 D:\xampp\htdocs\yii\framework\web\filters\CFilter.php(40): CFilterChain->run()
#24 D:\xampp\htdocs\yii\framework\web\CController.php(1145): CFilter->filter(Object(CFilterChain))
#25 D:\xampp\htdocs\yii\framework\web\filters\CInlineFilter.php(58): CController->filterAccessControl(Object(CFilterChain))
#26 D:\xampp\htdocs\yii\framework\web\filters\CFilterChain.php(130): CInlineFilter->filter(Object(CFilterChain))
#27 D:\xampp\htdocs\yii\framework\web\CController.php(291): CFilterChain->run()
#28 D:\xampp\htdocs\yii\framework\web\CController.php(265): CController->runActionWithFilters(Object(CInlineAction), Array)
#29 D:\xampp\htdocs\yii\framework\web\CWebApplication.php(282): CController->run('')
#30 D:\xampp\htdocs\yii\framework\web\CWebApplication.php(141): CWebApplication->runController('')
#31 D:\xampp\htdocs\yii\framework\base\CApplication.php(180): CWebApplication->processRequest()
#32 D:\xampp\htdocs\yii\demos\blog\index.php(11): CApplication->run()
#33 {main}
REQUEST_URI=/yii/demos/blog/index.php?r=site/test
---
2014/06/03 08:53:06 [error] [system.db.CDbCommand] CDbCommand::fetchAll() failed: SQLSTATE[42S02]: Base table or view not found: 1146 Table 'yayibao.tbl_post' doesn't exist. The SQL statement executed was: SHOW FULL COLUMNS FROM `tbl_post`.
2014/06/03 08:53:06 [error] [exception.CDbException] exception 'CDbException' with message 'The table "{{post}}" for active record class "Post" cannot be found in the database.' in D:\xampp\htdocs\yii\framework\db\ar\CActiveRecord.php:2362
Stack trace:
#0 D:\xampp\htdocs\yii\framework\db\ar\CActiveRecord.php(411): CActiveRecordMetaData->__construct(Object(Post))
#1 D:\xampp\htdocs\yii\framework\db\ar\CActiveRecord.php(658): CActiveRecord->getMetaData()
#2 D:\xampp\htdocs\yii\framework\db\ar\CActiveFinder.php(389): CActiveRecord->getTableSchema()
#3 D:\xampp\htdocs\yii\framework\db\ar\CActiveFinder.php(47): CJoinElement->__construct(Object(CActiveFinder), Object(Post))
#4 D:\xampp\htdocs\yii\framework\db\ar\CActiveRecord.php(909): CActiveFinder->__construct(Object(Post), 'commentCount')
#5 D:\xampp\htdocs\yii\framework\db\ar\CActiveRecord.php(1604): CActiveRecord->getActiveFinder('commentCount')
#6 D:\xampp\htdocs\yii\framework\web\CActiveDataProvider.php(228): CActiveRecord->count(Object(CDbCriteria))
#7 D:\xampp\htdocs\yii\framework\web\CDataProvider.php(224): CActiveDataProvider->calculateTotalItemCount()
#8 D:\xampp\htdocs\yii\framework\web\CActiveDataProvider.php(178): CDataProvider->getTotalItemCount()
#9 D:\xampp\htdocs\yii\framework\web\CDataProvider.php(168): CActiveDataProvider->fetchData()
#10 D:\xampp\htdocs\yii\framework\zii\widgets\CBaseListView.php(111): CDataProvider->getData()
#11 D:\xampp\htdocs\yii\framework\zii\widgets\CListView.php(211): CBaseListView->init()
#12 D:\xampp\htdocs\yii\framework\web\CBaseController.php(147): CListView->init()
#13 D:\xampp\htdocs\yii\framework\web\CBaseController.php(172): CBaseController->createWidget('zii.widgets.CLi...', Array)
#14 D:\xampp\htdocs\yii\demos\blog\protected\views\post\index.php(9): CBaseController->widget('zii.widgets.CLi...', Array)
#15 D:\xampp\htdocs\yii\framework\web\CBaseController.php(126): require('D:\xampp\htdocs...')
#16 D:\xampp\htdocs\yii\framework\web\CBaseController.php(95): CBaseController->renderInternal('D:\xampp\htdocs...', Array, true)
#17 D:\xampp\htdocs\yii\framework\web\CController.php(869): CBaseController->renderFile('D:\xampp\htdocs...', Array, true)
#18 D:\xampp\htdocs\yii\framework\web\CController.php(782): CController->renderPartial('index', Array, true)
#19 D:\xampp\htdocs\yii\demos\blog\protected\controllers\PostController.php(136): CController->render('index', Array)
#20 D:\xampp\htdocs\yii\framework\web\actions\CInlineAction.php(49): PostController->actionIndex()
#21 D:\xampp\htdocs\yii\framework\web\CController.php(308): CInlineAction->runWithParams(Array)
#22 D:\xampp\htdocs\yii\framework\web\filters\CFilterChain.php(133): CController->runAction(Object(CInlineAction))
#23 D:\xampp\htdocs\yii\framework\web\filters\CFilter.php(40): CFilterChain->run()
#24 D:\xampp\htdocs\yii\framework\web\CController.php(1145): CFilter->filter(Object(CFilterChain))
#25 D:\xampp\htdocs\yii\framework\web\filters\CInlineFilter.php(58): CController->filterAccessControl(Object(CFilterChain))
#26 D:\xampp\htdocs\yii\framework\web\filters\CFilterChain.php(130): CInlineFilter->filter(Object(CFilterChain))
#27 D:\xampp\htdocs\yii\framework\web\CController.php(291): CFilterChain->run()
#28 D:\xampp\htdocs\yii\framework\web\CController.php(265): CController->runActionWithFilters(Object(CInlineAction), Array)
#29 D:\xampp\htdocs\yii\framework\web\CWebApplication.php(282): CController->run('')
#30 D:\xampp\htdocs\yii\framework\web\CWebApplication.php(141): CWebApplication->runController('')
#31 D:\xampp\htdocs\yii\framework\base\CApplication.php(180): CWebApplication->processRequest()
#32 D:\xampp\htdocs\yii\demos\blog\index.php(11): CApplication->run()
#33 {main}
REQUEST_URI=/yii/demos/blog/index.php?r=site/test
---
2014/06/03 08:54:03 [error] [php] include(Post.php): failed to open stream: No such file or directory (D:\xampp\htdocs\yii\framework\YiiBase.php:427)
Stack trace:
#0 D:\xampp\htdocs\yii\demos\blog\protected\controllers\PostController.php(120): spl_autoload_call()
#1 D:\xampp\htdocs\yii\framework\web\actions\CInlineAction.php(49): PostController->actionIndex()
#2 D:\xampp\htdocs\yii\framework\web\CController.php(308): CInlineAction->runWithParams()
#3 D:\xampp\htdocs\yii\framework\web\filters\CFilterChain.php(133): PostController->runAction()
#4 D:\xampp\htdocs\yii\framework\web\filters\CFilter.php(40): CFilterChain->run()
#5 D:\xampp\htdocs\yii\framework\web\CController.php(1145): CAccessControlFilter->filter()
#6 D:\xampp\htdocs\yii\framework\web\filters\CInlineFilter.php(58): PostController->filterAccessControl()
#7 D:\xampp\htdocs\yii\framework\web\filters\CFilterChain.php(130): CInlineFilter->filter()
#8 D:\xampp\htdocs\yii\framework\web\CController.php(291): CFilterChain->run()
#9 D:\xampp\htdocs\yii\framework\web\CController.php(265): PostController->runActionWithFilters()
#10 D:\xampp\htdocs\yii\framework\web\CWebApplication.php(282): PostController->run()
#11 D:\xampp\htdocs\yii\framework\web\CWebApplication.php(141): CWebApplication->runController()
#12 D:\xampp\htdocs\yii\framework\base\CApplication.php(180): CWebApplication->processRequest()
#13 D:\xampp\htdocs\yii\demos\blog\index.php(11): CWebApplication->run()
REQUEST_URI=/yii/demos/blog/index.php?r=gii
2014/06/03 08:54:05 [error] [php] include(Post.php): failed to open stream: No such file or directory (D:\xampp\htdocs\yii\framework\YiiBase.php:427)
Stack trace:
#0 D:\xampp\htdocs\yii\demos\blog\protected\controllers\PostController.php(120): spl_autoload_call()
#1 D:\xampp\htdocs\yii\framework\web\actions\CInlineAction.php(49): PostController->actionIndex()
#2 D:\xampp\htdocs\yii\framework\web\CController.php(308): CInlineAction->runWithParams()
#3 D:\xampp\htdocs\yii\framework\web\filters\CFilterChain.php(133): PostController->runAction()
#4 D:\xampp\htdocs\yii\framework\web\filters\CFilter.php(40): CFilterChain->run()
#5 D:\xampp\htdocs\yii\framework\web\CController.php(1145): CAccessControlFilter->filter()
#6 D:\xampp\htdocs\yii\framework\web\filters\CInlineFilter.php(58): PostController->filterAccessControl()
#7 D:\xampp\htdocs\yii\framework\web\filters\CFilterChain.php(130): CInlineFilter->filter()
#8 D:\xampp\htdocs\yii\framework\web\CController.php(291): CFilterChain->run()
#9 D:\xampp\htdocs\yii\framework\web\CController.php(265): PostController->runActionWithFilters()
#10 D:\xampp\htdocs\yii\framework\web\CWebApplication.php(282): PostController->run()
#11 D:\xampp\htdocs\yii\framework\web\CWebApplication.php(141): CWebApplication->runController()
#12 D:\xampp\htdocs\yii\framework\base\CApplication.php(180): CWebApplication->processRequest()
#13 D:\xampp\htdocs\yii\demos\blog\index.php(11): CWebApplication->run()
REQUEST_URI=/yii/demos/blog/index.php?r=gii
2014/06/03 08:54:30 [error] [exception.CHttpException.404] exception 'CHttpException' with message 'Unable to resolve the request "post".' in D:\xampp\htdocs\yii\framework\web\CWebApplication.php:286
Stack trace:
#0 D:\xampp\htdocs\yii\framework\web\CWebApplication.php(141): CWebApplication->runController('')
#1 D:\xampp\htdocs\yii\framework\base\CApplication.php(180): CWebApplication->processRequest()
#2 D:\xampp\htdocs\yii\demos\blog\index.php(11): CApplication->run()
#3 {main}
REQUEST_URI=/yii/demos/blog/index.php?r=gii
---
